<?xml version="1.0" encoding="UTF-8"?>
<testng-results skipped="0" failed="0" ignored="0" total="3" passed="3">
  <reporter-output>
  </reporter-output>
  <suite name="Default suite" duration-ms="24739" started-at="2020-05-28T18:40:54Z" finished-at="2020-05-28T18:41:19Z">
    <groups>
    </groups>
    <test name="Default test" duration-ms="24739" started-at="2020-05-28T18:40:54Z" finished-at="2020-05-28T18:41:19Z">
      <class name="com.sanity.SanityTest2">
        <test-method status="PASS" signature="setup()[pri:0, instance:com.sanity.SanityTest2@23986957]" name="setup" is-config="true" duration-ms="13217" started-at="2020-05-28T18:40:54Z" finished-at="2020-05-28T18:41:07Z">
          <reporter-output>
          </reporter-output>
        </test-method> <!-- setup -->
        <test-method status="PASS" signature="sanity1()[pri:0, instance:com.sanity.SanityTest2@23986957]" name="sanity1" duration-ms="2086" started-at="2020-05-28T18:41:07Z" finished-at="2020-05-28T18:41:09Z">
          <reporter-output>
          </reporter-output>
        </test-method> <!-- sanity1 -->
        <test-method status="PASS" signature="sanity2()[pri:0, instance:com.sanity.SanityTest2@23986957]" name="sanity2" duration-ms="5584" started-at="2020-05-28T18:41:09Z" finished-at="2020-05-28T18:41:15Z">
          <reporter-output>
          </reporter-output>
        </test-method> <!-- sanity2 -->
        <test-method status="PASS" signature="sanity3()[pri:0, instance:com.sanity.SanityTest2@23986957]" name="sanity3" duration-ms="3228" started-at="2020-05-28T18:41:15Z" finished-at="2020-05-28T18:41:18Z">
          <reporter-output>
          </reporter-output>
        </test-method> <!-- sanity3 -->
        <test-method status="PASS" signature="teardown()[pri:0, instance:com.sanity.SanityTest2@23986957]" name="teardown" is-config="true" duration-ms="603" started-at="2020-05-28T18:41:18Z" finished-at="2020-05-28T18:41:19Z">
          <reporter-output>
          </reporter-output>
        </test-method> <!-- teardown -->
      </class> <!-- com.sanity.SanityTest2 -->
    </test> <!-- Default test -->
  </suite> <!-- Default suite -->
</testng-results>
